# compute-mfcc-feats --write-utt2dur=ark,t:exp/make_mfcc/train/utt2dur.4 --verbose=2 --config=conf/mfcc.conf scp,p:exp/make_mfcc/train/wav_train.4.scp ark:- | copy-feats --write-num-frames=ark,t:exp/make_mfcc/train/utt2num_frames.4 --compress=true ark:- ark,scp:/home/sky/kaldi-master/egs/digits/mfcc/raw_mfcc_train.4.ark,/home/sky/kaldi-master/egs/digits/mfcc/raw_mfcc_train.4.scp 
# Started at Thu Nov 14 19:01:07 CST 2019
#
compute-mfcc-feats --write-utt2dur=ark,t:exp/make_mfcc/train/utt2dur.4 --verbose=2 --config=conf/mfcc.conf scp,p:exp/make_mfcc/train/wav_train.4.scp ark:- 
WARNING (compute-mfcc-feats[5.5]:Read():wave-reader.cc:260) Expected 109528 bytes in RIFF chunk, but after first data block there will be 38 + 99860 bytes (we do not support reading multiple data chunks).
copy-feats --write-num-frames=ark,t:exp/make_mfcc/train/utt2num_frames.4 --compress=true ark:- ark,scp:/home/sky/kaldi-master/egs/digits/mfcc/raw_mfcc_train.4.ark,/home/sky/kaldi-master/egs/digits/mfcc/raw_mfcc_train.4.scp 
VLOG[2] (compute-mfcc-feats[5.5]:main():compute-mfcc-feats.cc:182) Processed features for key 7_113
WARNING (compute-mfcc-feats[5.5]:Read():wave-reader.cc:260) Expected 112288 bytes in RIFF chunk, but after first data block there will be 38 + 103518 bytes (we do not support reading multiple data chunks).
VLOG[2] (compute-mfcc-feats[5.5]:main():compute-mfcc-feats.cc:182) Processed features for key 7_123
WARNING (compute-mfcc-feats[5.5]:Read():wave-reader.cc:260) Expected 114852 bytes in RIFF chunk, but after first data block there will be 38 + 106082 bytes (we do not support reading multiple data chunks).
VLOG[2] (compute-mfcc-feats[5.5]:main():compute-mfcc-feats.cc:182) Processed features for key 7_234
WARNING (compute-mfcc-feats[5.5]:Read():wave-reader.cc:260) Expected 97394 bytes in RIFF chunk, but after first data block there will be 38 + 87728 bytes (we do not support reading multiple data chunks).
VLOG[2] (compute-mfcc-feats[5.5]:main():compute-mfcc-feats.cc:182) Processed features for key 7_291
WARNING (compute-mfcc-feats[5.5]:Read():wave-reader.cc:260) Expected 101146 bytes in RIFF chunk, but after first data block there will be 38 + 92376 bytes (we do not support reading multiple data chunks).
VLOG[2] (compute-mfcc-feats[5.5]:main():compute-mfcc-feats.cc:182) Processed features for key 7_345
WARNING (compute-mfcc-feats[5.5]:Read():wave-reader.cc:260) Expected 104230 bytes in RIFF chunk, but after first data block there will be 38 + 94562 bytes (we do not support reading multiple data chunks).
VLOG[2] (compute-mfcc-feats[5.5]:main():compute-mfcc-feats.cc:182) Processed features for key 7_415
WARNING (compute-mfcc-feats[5.5]:Read():wave-reader.cc:260) Expected 100490 bytes in RIFF chunk, but after first data block there will be 38 + 91718 bytes (we do not support reading multiple data chunks).
VLOG[2] (compute-mfcc-feats[5.5]:main():compute-mfcc-feats.cc:182) Processed features for key 7_582
WARNING (compute-mfcc-feats[5.5]:Read():wave-reader.cc:260) Expected 85614 bytes in RIFF chunk, but after first data block there will be 38 + 76842 bytes (we do not support reading multiple data chunks).
VLOG[2] (compute-mfcc-feats[5.5]:main():compute-mfcc-feats.cc:182) Processed features for key 7_753
WARNING (compute-mfcc-feats[5.5]:Read():wave-reader.cc:260) Expected 92028 bytes in RIFF chunk, but after first data block there will be 38 + 83256 bytes (we do not support reading multiple data chunks).
VLOG[2] (compute-mfcc-feats[5.5]:main():compute-mfcc-feats.cc:182) Processed features for key 7_891
WARNING (compute-mfcc-feats[5.5]:Read():wave-reader.cc:260) Expected 92800 bytes in RIFF chunk, but after first data block there will be 38 + 84030 bytes (we do not support reading multiple data chunks).
LOG (compute-mfcc-feats[5.5]:main():compute-mfcc-feats.cc:181) Processed 10 utterances
VLOG[2] (compute-mfcc-feats[5.5]:main():compute-mfcc-feats.cc:182) Processed features for key 7_967
WARNING (compute-mfcc-feats[5.5]:Read():wave-reader.cc:260) Expected 89358 bytes in RIFF chunk, but after first data block there will be 38 + 81792 bytes (we do not support reading multiple data chunks).
VLOG[2] (compute-mfcc-feats[5.5]:main():compute-mfcc-feats.cc:182) Processed features for key 8_102
WARNING (compute-mfcc-feats[5.5]:Read():wave-reader.cc:260) Expected 89294 bytes in RIFF chunk, but after first data block there will be 38 + 81728 bytes (we do not support reading multiple data chunks).
VLOG[2] (compute-mfcc-feats[5.5]:main():compute-mfcc-feats.cc:182) Processed features for key 8_132
WARNING (compute-mfcc-feats[5.5]:Read():wave-reader.cc:260) Expected 87566 bytes in RIFF chunk, but after first data block there will be 38 + 80000 bytes (we do not support reading multiple data chunks).
VLOG[2] (compute-mfcc-feats[5.5]:main():compute-mfcc-feats.cc:182) Processed features for key 8_201
WARNING (compute-mfcc-feats[5.5]:Read():wave-reader.cc:260) Expected 90708 bytes in RIFF chunk, but after first data block there will be 38 + 83142 bytes (we do not support reading multiple data chunks).
VLOG[2] (compute-mfcc-feats[5.5]:main():compute-mfcc-feats.cc:182) Processed features for key 8_234
WARNING (compute-mfcc-feats[5.5]:Read():wave-reader.cc:260) Expected 93032 bytes in RIFF chunk, but after first data block there will be 38 + 85466 bytes (we do not support reading multiple data chunks).
VLOG[2] (compute-mfcc-feats[5.5]:main():compute-mfcc-feats.cc:182) Processed features for key 8_245
WARNING (compute-mfcc-feats[5.5]:Read():wave-reader.cc:260) Expected 91794 bytes in RIFF chunk, but after first data block there will be 38 + 84228 bytes (we do not support reading multiple data chunks).
VLOG[2] (compute-mfcc-feats[5.5]:main():compute-mfcc-feats.cc:182) Processed features for key 8_457
WARNING (compute-mfcc-feats[5.5]:Read():wave-reader.cc:260) Expected 88424 bytes in RIFF chunk, but after first data block there will be 38 + 80858 bytes (we do not support reading multiple data chunks).
VLOG[2] (compute-mfcc-feats[5.5]:main():compute-mfcc-feats.cc:182) Processed features for key 8_718
WARNING (compute-mfcc-feats[5.5]:Read():wave-reader.cc:260) Expected 92124 bytes in RIFF chunk, but after first data block there will be 38 + 84558 bytes (we do not support reading multiple data chunks).
VLOG[2] (compute-mfcc-feats[5.5]:main():compute-mfcc-feats.cc:182) Processed features for key 8_768
WARNING (compute-mfcc-feats[5.5]:Read():wave-reader.cc:260) Expected 89716 bytes in RIFF chunk, but after first data block there will be 38 + 82150 bytes (we do not support reading multiple data chunks).
VLOG[2] (compute-mfcc-feats[5.5]:main():compute-mfcc-feats.cc:182) Processed features for key 8_802
WARNING (compute-mfcc-feats[5.5]:Read():wave-reader.cc:260) Expected 80782 bytes in RIFF chunk, but after first data block there will be 38 + 73216 bytes (we do not support reading multiple data chunks).
LOG (compute-mfcc-feats[5.5]:main():compute-mfcc-feats.cc:181) Processed 20 utterances
VLOG[2] (compute-mfcc-feats[5.5]:main():compute-mfcc-feats.cc:182) Processed features for key 8_932
LOG (compute-mfcc-feats[5.5]:main():compute-mfcc-feats.cc:185)  Done 20 out of 20 utterances.
LOG (copy-feats[5.5]:main():copy-feats.cc:143) Copied 20 feature matrices.
# Accounting: time=0 threads=1
# Ended (code 0) at Thu Nov 14 19:01:07 CST 2019, elapsed time 0 seconds
