# build-tree --verbose=1 --max-leaves=2000 --cluster-thresh=-1 exp/tri1/treeacc data/lang/phones/roots.int exp/tri1/questions.qst data/lang/topo exp/tri1/tree 
# Started at Thu Nov 14 19:01:20 CST 2019
#
build-tree --verbose=1 --max-leaves=2000 --cluster-thresh=-1 exp/tri1/treeacc data/lang/phones/roots.int exp/tri1/questions.qst data/lang/topo exp/tri1/tree 
LOG (build-tree[5.5]:main():build-tree.cc:104) Number of separate statistics is 176
LOG (build-tree[5.5]:BuildTree():build-tree.cc:161) BuildTree: before building trees, map has 22 leaves.
LOG (build-tree[5.5]:SplitDecisionTree():build-tree-utils.cc:577) DoDecisionTreeSplit: split 71 times, #leaves now 93
LOG (build-tree[5.5]:BuildTree():build-tree.cc:187) Setting clustering threshold to smallest split 303.664
VLOG[1] (build-tree[5.5]:BuildTree():build-tree.cc:196) After decision tree split, num-leaves = 93, like-impr = 5.50312 per frame over 20772 frames.
VLOG[1] (build-tree[5.5]:BuildTree():build-tree.cc:200) Including just phones that were split, improvement is 5.50312 per frame over 20772 frames.
LOG (build-tree[5.5]:BuildTree():build-tree.cc:215) BuildTree: removed 5 leaves.
VLOG[1] (build-tree[5.5]:ClusterEventMapToNClustersRestrictedByMap():build-tree-utils.cc:914) Number of non-empty clusters in map = 21
VLOG[1] (build-tree[5.5]:ClusterEventMapToNClustersRestrictedByMap():build-tree-utils.cc:915) Number of non-empty clusters = 87
VLOG[1] (build-tree[5.5]:BuildTree():build-tree.cc:256) Objf change due to clustering -0.0561272 per frame.
VLOG[1] (build-tree[5.5]:BuildTree():build-tree.cc:259) Normalizing over only split phones, this is: -0.0561272 per frame.
VLOG[1] (build-tree[5.5]:BuildTree():build-tree.cc:262) Num-leaves is now 88
VLOG[1] (build-tree[5.5]:main():build-tree.cc:143) For pdf-id 1, low count 0
VLOG[1] (build-tree[5.5]:main():build-tree.cc:143) For pdf-id 5, low count 63
VLOG[1] (build-tree[5.5]:main():build-tree.cc:143) For pdf-id 6, low count 48
VLOG[1] (build-tree[5.5]:main():build-tree.cc:143) For pdf-id 8, low count 22
VLOG[1] (build-tree[5.5]:main():build-tree.cc:143) For pdf-id 11, low count 76
VLOG[1] (build-tree[5.5]:main():build-tree.cc:143) For pdf-id 12, low count 72
VLOG[1] (build-tree[5.5]:main():build-tree.cc:143) For pdf-id 32, low count 87
VLOG[1] (build-tree[5.5]:main():build-tree.cc:143) For pdf-id 33, low count 64
VLOG[1] (build-tree[5.5]:main():build-tree.cc:143) For pdf-id 34, low count 97
VLOG[1] (build-tree[5.5]:main():build-tree.cc:143) For pdf-id 47, low count 38
VLOG[1] (build-tree[5.5]:main():build-tree.cc:143) For pdf-id 49, low count 84
VLOG[1] (build-tree[5.5]:main():build-tree.cc:143) For pdf-id 50, low count 99
VLOG[1] (build-tree[5.5]:main():build-tree.cc:143) For pdf-id 52, low count 92
VLOG[1] (build-tree[5.5]:main():build-tree.cc:143) For pdf-id 54, low count 91
VLOG[1] (build-tree[5.5]:main():build-tree.cc:143) For pdf-id 61, low count 52
VLOG[1] (build-tree[5.5]:main():build-tree.cc:143) For pdf-id 64, low count 56
VLOG[1] (build-tree[5.5]:main():build-tree.cc:143) For pdf-id 65, low count 96
VLOG[1] (build-tree[5.5]:main():build-tree.cc:143) For pdf-id 69, low count 91
VLOG[1] (build-tree[5.5]:main():build-tree.cc:143) For pdf-id 70, low count 68
VLOG[1] (build-tree[5.5]:main():build-tree.cc:143) For pdf-id 72, low count 59
VLOG[1] (build-tree[5.5]:main():build-tree.cc:143) For pdf-id 74, low count 89
VLOG[1] (build-tree[5.5]:main():build-tree.cc:143) For pdf-id 75, low count 45
VLOG[1] (build-tree[5.5]:main():build-tree.cc:143) For pdf-id 76, low count 86
VLOG[1] (build-tree[5.5]:main():build-tree.cc:143) For pdf-id 77, low count 59
VLOG[1] (build-tree[5.5]:main():build-tree.cc:143) For pdf-id 78, low count 52
VLOG[1] (build-tree[5.5]:main():build-tree.cc:143) For pdf-id 82, low count 41
VLOG[1] (build-tree[5.5]:main():build-tree.cc:143) For pdf-id 83, low count 86
VLOG[1] (build-tree[5.5]:main():build-tree.cc:143) For pdf-id 84, low count 59
VLOG[1] (build-tree[5.5]:main():build-tree.cc:143) For pdf-id 85, low count 55
VLOG[1] (build-tree[5.5]:main():build-tree.cc:143) For pdf-id 86, low count 62
WARNING (build-tree[5.5]:main():build-tree.cc:185) Saw no stats for following phones: 2 3 4 5 6 7 8 9 10 11 12 14 15 16 18 19 20 22 23 24 26 28 29 30 32 33 34 36 37 38 39 40 42 43 45 46 47 48 50 53 54 55 57 58 59 62 65 66 69 70 72 73 74 75 77 78 80 82 83 86 88 89 90 
LOG (build-tree[5.5]:main():build-tree.cc:189) Wrote tree
# Accounting: time=0 threads=1
# Ended (code 0) at Thu Nov 14 19:01:20 CST 2019, elapsed time 0 seconds
