# gmm-init-model --write-occs=exp/tri1/1.occs exp/tri1/tree exp/tri1/treeacc data/lang/topo exp/tri1/1.mdl 
# Started at Thu Nov 14 19:01:20 CST 2019
#
gmm-init-model --write-occs=exp/tri1/1.occs exp/tri1/tree exp/tri1/treeacc data/lang/topo exp/tri1/1.mdl 
LOG (gmm-init-model[5.5]:main():gmm-init-model.cc:271) Number of separate statistics is 176
WARNING (gmm-init-model[5.5]:InitAmGmm():gmm-init-model.cc:55) Tree has pdf-id 1 with no stats; corresponding phone list: 6 7 8 9 10 
WARNING (gmm-init-model[5.5]:InitAmGmm():gmm-init-model.cc:83) Very small count for state 5: 63; corresponding phone list: 23 24 25 26 
WARNING (gmm-init-model[5.5]:InitAmGmm():gmm-init-model.cc:83) Very small count for state 6: 48; corresponding phone list: 27 28 29 30 
WARNING (gmm-init-model[5.5]:InitAmGmm():gmm-init-model.cc:83) Very small count for state 8: 22; corresponding phone list: 35 36 37 38 
WARNING (gmm-init-model[5.5]:InitAmGmm():gmm-init-model.cc:83) Very small count for state 11: 76; corresponding phone list: 47 48 49 50 
WARNING (gmm-init-model[5.5]:InitAmGmm():gmm-init-model.cc:83) Very small count for state 12: 72; corresponding phone list: 51 52 53 54 
WARNING (gmm-init-model[5.5]:InitAmGmm():gmm-init-model.cc:83) Very small count for state 32: 87; corresponding phone list: 39 40 41 42 
WARNING (gmm-init-model[5.5]:InitAmGmm():gmm-init-model.cc:83) Very small count for state 33: 64; corresponding phone list: 87 88 89 90 
WARNING (gmm-init-model[5.5]:InitAmGmm():gmm-init-model.cc:83) Very small count for state 34: 97; corresponding phone list: 67 68 69 70 
WARNING (gmm-init-model[5.5]:InitAmGmm():gmm-init-model.cc:83) Very small count for state 47: 38; corresponding phone list: 19 20 21 22 
WARNING (gmm-init-model[5.5]:InitAmGmm():gmm-init-model.cc:83) Very small count for state 49: 84; corresponding phone list: 31 32 33 34 
WARNING (gmm-init-model[5.5]:InitAmGmm():gmm-init-model.cc:83) Very small count for state 50: 99; corresponding phone list: 83 84 85 86 
WARNING (gmm-init-model[5.5]:InitAmGmm():gmm-init-model.cc:83) Very small count for state 52: 92; corresponding phone list: 23 24 25 26 
WARNING (gmm-init-model[5.5]:InitAmGmm():gmm-init-model.cc:83) Very small count for state 54: 91; corresponding phone list: 11 12 13 14 
WARNING (gmm-init-model[5.5]:InitAmGmm():gmm-init-model.cc:83) Very small count for state 61: 52; corresponding phone list: 31 32 33 34 
WARNING (gmm-init-model[5.5]:InitAmGmm():gmm-init-model.cc:83) Very small count for state 64: 56; corresponding phone list: 39 40 41 42 
WARNING (gmm-init-model[5.5]:InitAmGmm():gmm-init-model.cc:83) Very small count for state 65: 96; corresponding phone list: 59 60 61 62 
WARNING (gmm-init-model[5.5]:InitAmGmm():gmm-init-model.cc:83) Very small count for state 69: 91; corresponding phone list: 63 64 65 66 
WARNING (gmm-init-model[5.5]:InitAmGmm():gmm-init-model.cc:83) Very small count for state 70: 68; corresponding phone list: 11 12 13 14 
WARNING (gmm-init-model[5.5]:InitAmGmm():gmm-init-model.cc:83) Very small count for state 72: 59; corresponding phone list: 67 68 69 70 
WARNING (gmm-init-model[5.5]:InitAmGmm():gmm-init-model.cc:83) Very small count for state 74: 89; corresponding phone list: 31 32 33 34 
WARNING (gmm-init-model[5.5]:InitAmGmm():gmm-init-model.cc:83) Very small count for state 75: 45; corresponding phone list: 83 84 85 86 
WARNING (gmm-init-model[5.5]:InitAmGmm():gmm-init-model.cc:83) Very small count for state 76: 86; corresponding phone list: 87 88 89 90 
WARNING (gmm-init-model[5.5]:InitAmGmm():gmm-init-model.cc:83) Very small count for state 77: 59; corresponding phone list: 83 84 85 86 
WARNING (gmm-init-model[5.5]:InitAmGmm():gmm-init-model.cc:83) Very small count for state 78: 52; corresponding phone list: 31 32 33 34 
WARNING (gmm-init-model[5.5]:InitAmGmm():gmm-init-model.cc:83) Very small count for state 82: 41; corresponding phone list: 19 20 21 22 
WARNING (gmm-init-model[5.5]:InitAmGmm():gmm-init-model.cc:83) Very small count for state 83: 86; corresponding phone list: 39 40 41 42 
WARNING (gmm-init-model[5.5]:InitAmGmm():gmm-init-model.cc:83) Very small count for state 84: 59; corresponding phone list: 23 24 25 26 
WARNING (gmm-init-model[5.5]:InitAmGmm():gmm-init-model.cc:83) Very small count for state 85: 55; corresponding phone list: 39 40 41 42 
WARNING (gmm-init-model[5.5]:InitAmGmm():gmm-init-model.cc:83) Very small count for state 86: 62; corresponding phone list: 67 68 69 70 
LOG (gmm-init-model[5.5]:main():gmm-init-model.cc:306) Wrote model.
# Accounting: time=0 threads=1
# Ended (code 0) at Thu Nov 14 19:01:20 CST 2019, elapsed time 0 seconds
