# gmm-align-compiled --transition-scale=1.0 --acoustic-scale=0.1 --self-loop-scale=0.1 --beam=10 --retry-beam=40 --careful=false "gmm-boost-silence --boost=1.0 1 exp/mono/18.mdl - |" "ark:gunzip -c exp/mono/fsts.3.gz|" "ark,s,cs:apply-cmvn  --utt2spk=ark:data/train/split4/3/utt2spk scp:data/train/split4/3/cmvn.scp scp:data/train/split4/3/feats.scp ark:- | add-deltas  ark:- ark:- |" "ark,t:|gzip -c >exp/mono/ali.3.gz" 
# Started at Thu Nov 14 19:01:13 CST 2019
#
gmm-align-compiled --transition-scale=1.0 --acoustic-scale=0.1 --self-loop-scale=0.1 --beam=10 --retry-beam=40 --careful=false 'gmm-boost-silence --boost=1.0 1 exp/mono/18.mdl - |' 'ark:gunzip -c exp/mono/fsts.3.gz|' 'ark,s,cs:apply-cmvn  --utt2spk=ark:data/train/split4/3/utt2spk scp:data/train/split4/3/cmvn.scp scp:data/train/split4/3/feats.scp ark:- | add-deltas  ark:- ark:- |' 'ark,t:|gzip -c >exp/mono/ali.3.gz' 
gmm-boost-silence --boost=1.0 1 exp/mono/18.mdl - 
WARNING (gmm-boost-silence[5.5]:main():gmm-boost-silence.cc:82) The pdfs for the silence phones may be shared by other phones (note: this probably does not matter.)
LOG (gmm-boost-silence[5.5]:main():gmm-boost-silence.cc:93) Boosted weights for 5 pdfs, by factor of 1
LOG (gmm-boost-silence[5.5]:main():gmm-boost-silence.cc:103) Wrote model to -
apply-cmvn --utt2spk=ark:data/train/split4/3/utt2spk scp:data/train/split4/3/cmvn.scp scp:data/train/split4/3/feats.scp ark:- 
add-deltas ark:- ark:- 
LOG (gmm-align-compiled[5.5]:main():gmm-align-compiled.cc:127) 6_010
LOG (gmm-align-compiled[5.5]:main():gmm-align-compiled.cc:127) 6_012
LOG (gmm-align-compiled[5.5]:main():gmm-align-compiled.cc:127) 6_123
LOG (gmm-align-compiled[5.5]:main():gmm-align-compiled.cc:127) 6_216
LOG (gmm-align-compiled[5.5]:main():gmm-align-compiled.cc:127) 6_230
LOG (gmm-align-compiled[5.5]:main():gmm-align-compiled.cc:127) 6_345
LOG (gmm-align-compiled[5.5]:main():gmm-align-compiled.cc:127) 6_456
LOG (gmm-align-compiled[5.5]:main():gmm-align-compiled.cc:127) 6_678
LOG (gmm-align-compiled[5.5]:main():gmm-align-compiled.cc:127) 6_789
LOG (gmm-align-compiled[5.5]:main():gmm-align-compiled.cc:127) 6_879
LOG (gmm-align-compiled[5.5]:main():gmm-align-compiled.cc:127) 7_113
LOG (gmm-align-compiled[5.5]:main():gmm-align-compiled.cc:127) 7_123
LOG (gmm-align-compiled[5.5]:main():gmm-align-compiled.cc:127) 7_234
LOG (gmm-align-compiled[5.5]:main():gmm-align-compiled.cc:127) 7_291
LOG (apply-cmvn[5.5]:main():apply-cmvn.cc:162) Applied cepstral mean normalization to 20 utterances, errors on 0
LOG (gmm-align-compiled[5.5]:main():gmm-align-compiled.cc:127) 7_345
LOG (gmm-align-compiled[5.5]:main():gmm-align-compiled.cc:127) 7_415
LOG (gmm-align-compiled[5.5]:main():gmm-align-compiled.cc:127) 7_582
LOG (gmm-align-compiled[5.5]:main():gmm-align-compiled.cc:127) 7_753
LOG (gmm-align-compiled[5.5]:main():gmm-align-compiled.cc:127) 7_891
LOG (gmm-align-compiled[5.5]:main():gmm-align-compiled.cc:127) 7_967
LOG (gmm-align-compiled[5.5]:main():gmm-align-compiled.cc:135) Overall log-likelihood per frame is -88.0714 over 5707 frames.
LOG (gmm-align-compiled[5.5]:main():gmm-align-compiled.cc:137) Retried 0 out of 20 utterances.
LOG (gmm-align-compiled[5.5]:main():gmm-align-compiled.cc:139) Done 20, errors on 0
# Accounting: time=0 threads=1
# Ended (code 0) at Thu Nov 14 19:01:13 CST 2019, elapsed time 0 seconds
